2019-09-24 00:12:06 [scrapy] ERROR: Error while obtaining start requests
Traceback (most recent call last):
  File "/home/hronis/newest_virtual_enviroment/newest/lib/python3.5/site-packages/scrapy/core/engine.py", line 127, in _next_request
    request = next(slot.start_requests)
  File "/home/hronis/newest_virtual_enviroment/scrapy_with_flask/scraping/scraping/spiders/cortes_ingles.py", line 22, in start_requests
    yield scrapy.Request(url, self.parse)
  File "/home/hronis/newest_virtual_enviroment/newest/lib/python3.5/site-packages/scrapy/http/request/__init__.py", line 25, in __init__
    self._set_url(url)
  File "/home/hronis/newest_virtual_enviroment/newest/lib/python3.5/site-packages/scrapy/http/request/__init__.py", line 62, in _set_url
    raise ValueError('Missing scheme in request url: %s' % self._url)
ValueError: Missing scheme in request url: 
2019-09-24 00:12:06 [scrapy] DEBUG: Crawled (200) <GET https://www.elcorteingles.es/robots.txt> (referer: None)
2019-09-24 00:12:07 [scrapy] DEBUG: Crawled (200) <GET https://www.elcorteingles.es/moda/A30716945-abrigo-de-mujer-lana-cocida-bolsillos-laterales/> (referer: None)
2019-09-24 00:12:07 [scrapy] DEBUG: Scraped from <200 https://www.elcorteingles.es/moda/A30716945-abrigo-de-mujer-lana-cocida-bolsillos-laterales/>
{'brand_name': 'Tintoretto',
 'category_levels': ['Moda', 'Mujer', 'Abrigos'],
 'currency': '€',
 'description': ['Abrigo lana cocida, cierre dos botones y bolsillos '
                 'laterales. '],
 'image_urls': ['//sgfm.elcorteingles.es/SGFM/dctm/MEDIA03/201909/13/00129431801033____1__516x640.jpg',
                '//sgfm.elcorteingles.es/SGFM/dctm/MEDIA03/201909/13/00129431801033____2__516x640.jpg',
                '//sgfm.elcorteingles.es/SGFM/dctm/MEDIA03/201909/13/00129431801033____4__516x640.jpg',
                '//sgfm.elcorteingles.es/SGFM/dctm/MEDIA03/201909/13/00129431801033____3__516x640.jpg'],
 'price': '160',
 'product_id': '001029431801033036',
 'title': 'Abrigo de mujer lana cocida bolsillos laterales'}
2019-09-24 00:12:07 [scrapy] INFO: Closing spider (finished)
2019-09-24 00:12:07 [scrapy] INFO: Dumping Scrapy stats:
{'downloader/request_bytes': 511,
 'downloader/request_count': 2,
 'downloader/request_method_count/GET': 2,
 'downloader/response_bytes': 51881,
 'downloader/response_count': 2,
 'downloader/response_status_count/200': 2,
 'finish_reason': 'finished',
 'finish_time': datetime.datetime(2019, 9, 23, 21, 12, 7, 781492),
 'item_scraped_count': 1,
 'log_count/DEBUG': 3,
 'log_count/ERROR': 1,
 'log_count/INFO': 6,
 'memusage/max': 53129216,
 'memusage/startup': 52965376,
 'response_received_count': 2,
 'scheduler/dequeued': 1,
 'scheduler/dequeued/memory': 1,
 'scheduler/enqueued': 1,
 'scheduler/enqueued/memory': 1,
 'start_time': datetime.datetime(2019, 9, 23, 21, 12, 6, 811413)}
2019-09-24 00:12:07 [scrapy] INFO: Spider closed (finished)
