2019-09-24 01:01:52 [scrapy] ERROR: Error while obtaining start requests
Traceback (most recent call last):
  File "/home/hronis/newest_virtual_enviroment/newest/lib/python3.5/site-packages/scrapy/core/engine.py", line 127, in _next_request
    request = next(slot.start_requests)
  File "/home/hronis/newest_virtual_enviroment/scrapy_with_flask/scraping/scraping/spiders/cortes_ingles.py", line 22, in start_requests
    yield scrapy.Request(url, self.parse)
  File "/home/hronis/newest_virtual_enviroment/newest/lib/python3.5/site-packages/scrapy/http/request/__init__.py", line 25, in __init__
    self._set_url(url)
  File "/home/hronis/newest_virtual_enviroment/newest/lib/python3.5/site-packages/scrapy/http/request/__init__.py", line 62, in _set_url
    raise ValueError('Missing scheme in request url: %s' % self._url)
ValueError: Missing scheme in request url: 
2019-09-24 01:01:53 [scrapy] DEBUG: Crawled (200) <GET https://httpbin.org/robots.txt> (referer: None)
2019-09-24 01:01:53 [scrapy] DEBUG: Crawled (404) <GET https://httpbin.org/status/404> (referer: None)
2019-09-24 01:01:53 [scrapy] INFO: Ignoring response <404 https://httpbin.org/status/404>: HTTP status code is not handled or not allowed
2019-09-24 01:01:53 [scrapy] INFO: Closing spider (finished)
2019-09-24 01:01:53 [scrapy] INFO: Dumping Scrapy stats:
{'downloader/request_bytes': 440,
 'downloader/request_count': 2,
 'downloader/request_method_count/GET': 2,
 'downloader/response_bytes': 701,
 'downloader/response_count': 2,
 'downloader/response_status_count/200': 1,
 'downloader/response_status_count/404': 1,
 'finish_reason': 'finished',
 'finish_time': datetime.datetime(2019, 9, 23, 22, 1, 53, 369763),
 'httperror/response_ignored_count': 1,
 'httperror/response_ignored_status_count/404': 1,
 'log_count/DEBUG': 2,
 'log_count/ERROR': 1,
 'log_count/INFO': 7,
 'memusage/max': 53125120,
 'memusage/startup': 52981760,
 'response_received_count': 2,
 'scheduler/dequeued': 1,
 'scheduler/dequeued/memory': 1,
 'scheduler/enqueued': 1,
 'scheduler/enqueued/memory': 1,
 'start_time': datetime.datetime(2019, 9, 23, 22, 1, 52, 51092)}
2019-09-24 01:01:53 [scrapy] INFO: Spider closed (finished)
