2019-09-24 13:31:03 [scrapy] ERROR: Error while obtaining start requests
Traceback (most recent call last):
  File "/home/hronis/newest_virtual_enviroment/newest/lib/python3.5/site-packages/scrapy/core/engine.py", line 127, in _next_request
    request = next(slot.start_requests)
  File "/home/hronis/newest_virtual_enviroment/scrapy_with_flask/scraping/scraping/spiders/cortes_ingles.py", line 22, in start_requests
    yield scrapy.Request(url, self.parse)
  File "/home/hronis/newest_virtual_enviroment/newest/lib/python3.5/site-packages/scrapy/http/request/__init__.py", line 25, in __init__
    self._set_url(url)
  File "/home/hronis/newest_virtual_enviroment/newest/lib/python3.5/site-packages/scrapy/http/request/__init__.py", line 62, in _set_url
    raise ValueError('Missing scheme in request url: %s' % self._url)
ValueError: Missing scheme in request url: 
2019-09-24 13:31:03 [scrapy] DEBUG: Crawled (200) <GET https://www.elcorteingles.es/robots.txt> (referer: None)
2019-09-24 13:31:04 [scrapy] DEBUG: Crawled (200) <GET https://www.elcorteingles.es/moda/A29458856-pijama-de-mujer-rayas-de-somos-osos/> (referer: None)
2019-09-24 13:31:04 [scrapy] DEBUG: Scraped from <200 https://www.elcorteingles.es/moda/A29458856-pijama-de-mujer-rayas-de-somos-osos/>
{'brand_name': 'Easy Wear Intimo',
 'category_levels': ['Moda', 'Lencería', 'Pijamas', 'Pijamas completos'],
 'currency': '€',
 'description': ['Pijama formado por una camiseta de rayas en color azul, de '
                 'manga larga y cuello redondo. Dibujo frontal de los '
                 'personajes de Somos Osos. Pantalón largo a conjunto, con '
                 'cintura elástica y cordón. '],
 'google_category_id': 1,
 'google_product_category': 1,
 'image_urls': ['//sgfm.elcorteingles.es/SGFM/dctm/MEDIA03/201907/03/00136265203285____1__516x640.jpg',
                '//sgfm.elcorteingles.es/SGFM/dctm/MEDIA03/201907/03/00136265203285____2__516x640.jpg'],
 'price': '25.95',
 'product_id': '001036265203285038',
 'title': 'Pijama de mujer rayas de Somos Osos'}
2019-09-24 13:31:04 [scrapy] INFO: Closing spider (finished)
2019-09-24 13:31:04 [scrapy] INFO: Dumping Scrapy stats:
{'downloader/request_bytes': 499,
 'downloader/request_count': 2,
 'downloader/request_method_count/GET': 2,
 'downloader/response_bytes': 51967,
 'downloader/response_count': 2,
 'downloader/response_status_count/200': 2,
 'finish_reason': 'finished',
 'finish_time': datetime.datetime(2019, 9, 24, 10, 31, 4, 591266),
 'item_scraped_count': 1,
 'log_count/DEBUG': 3,
 'log_count/ERROR': 1,
 'log_count/INFO': 6,
 'memusage/max': 52989952,
 'memusage/startup': 52989952,
 'response_received_count': 2,
 'scheduler/dequeued': 1,
 'scheduler/dequeued/memory': 1,
 'scheduler/enqueued': 1,
 'scheduler/enqueued/memory': 1,
 'start_time': datetime.datetime(2019, 9, 24, 10, 31, 3, 407467)}
2019-09-24 13:31:04 [scrapy] INFO: Spider closed (finished)
