2019-09-17 15:58:10 [scrapy] DEBUG: Crawled (200) <GET https://www.elcorteingles.es/robots.txt> (referer: None)
2019-09-17 15:58:11 [scrapy] DEBUG: Crawled (200) <GET https://www.elcorteingles.es/moda/A30716945-abrigo-de-mujer-lana-cocida-bolsillos-laterales/> (referer: None)
2019-09-17 15:58:12 [scrapy] DEBUG: Scraped from <200 https://www.elcorteingles.es/moda/A30716945-abrigo-de-mujer-lana-cocida-bolsillos-laterales/>
{'brand_name': 'Tintoretto',
 'category_levels': ['Moda', 'Mujer', 'Abrigos'],
 'currency': '€',
 'description': ['Abrigo lana cocida, cierre dos botones y bolsillos '
                 'laterales. '],
 'image_urls': ['//sgfm.elcorteingles.es/SGFM/dctm/MEDIA03/201909/13/00129431801033____1__516x640.jpg',
                '//sgfm.elcorteingles.es/SGFM/dctm/MEDIA03/201909/13/00129431801033____2__516x640.jpg',
                '//sgfm.elcorteingles.es/SGFM/dctm/MEDIA03/201909/13/00129431801033____4__516x640.jpg',
                '//sgfm.elcorteingles.es/SGFM/dctm/MEDIA03/201909/13/00129431801033____3__516x640.jpg'],
 'price': '160',
 'product_id': '001029431801033036',
 'title': 'Abrigo de mujer lana cocida bolsillos laterales'}
2019-09-17 15:58:12 [scrapy] INFO: Closing spider (finished)
2019-09-17 15:58:12 [scrapy] INFO: Dumping Scrapy stats:
{'downloader/request_bytes': 511,
 'downloader/request_count': 2,
 'downloader/request_method_count/GET': 2,
 'downloader/response_bytes': 51763,
 'downloader/response_count': 2,
 'downloader/response_status_count/200': 2,
 'finish_reason': 'finished',
 'finish_time': datetime.datetime(2019, 9, 17, 12, 58, 12, 324417),
 'item_scraped_count': 1,
 'log_count/DEBUG': 3,
 'log_count/INFO': 6,
 'memusage/max': 55058432,
 'memusage/startup': 55058432,
 'response_received_count': 2,
 'scheduler/dequeued': 1,
 'scheduler/dequeued/memory': 1,
 'scheduler/enqueued': 1,
 'scheduler/enqueued/memory': 1,
 'start_time': datetime.datetime(2019, 9, 17, 12, 58, 10, 160607)}
2019-09-17 15:58:12 [scrapy] INFO: Spider closed (finished)
