2019-09-24 13:33:08 [scrapy] ERROR: Error while obtaining start requests
Traceback (most recent call last):
  File "/home/hronis/newest_virtual_enviroment/newest/lib/python3.5/site-packages/scrapy/core/engine.py", line 127, in _next_request
    request = next(slot.start_requests)
  File "/home/hronis/newest_virtual_enviroment/scrapy_with_flask/scraping/scraping/spiders/cortes_ingles.py", line 22, in start_requests
    yield scrapy.Request(url, self.parse)
  File "/home/hronis/newest_virtual_enviroment/newest/lib/python3.5/site-packages/scrapy/http/request/__init__.py", line 25, in __init__
    self._set_url(url)
  File "/home/hronis/newest_virtual_enviroment/newest/lib/python3.5/site-packages/scrapy/http/request/__init__.py", line 62, in _set_url
    raise ValueError('Missing scheme in request url: %s' % self._url)
ValueError: Missing scheme in request url: 
2019-09-24 13:33:08 [scrapy] DEBUG: Crawled (200) <GET https://www.elcorteingles.es/robots.txt> (referer: None)
2019-09-24 13:33:09 [scrapy] DEBUG: Crawled (200) <GET https://www.elcorteingles.es/moda/MP_0143040_OI19275070540-cardigan-de-hombre-de-color-gris-con-cierre-de-botones/> (referer: None)
2019-09-24 13:33:09 [scrapy] DEBUG: Scraped from <200 https://www.elcorteingles.es/moda/MP_0143040_OI19275070540-cardigan-de-hombre-de-color-gris-con-cierre-de-botones/>
{'brand_name': 'Altonadock',
 'category_levels': ['Moda', 'Hombre', 'Punto y Jerseys'],
 'currency': '€',
 'description': ['Cárdigan de hombre Altonadock de color gris con botones '
                 'personalizados y logo bordado en el pecho. '],
 'google_category_id': 1,
 'google_product_category': 1,
 'image_urls': ['//sgfm.elcorteingles.es/SGFM/dctm/MARKET/843/462/713/8434627133360_00_516x640.jpg',
                '//sgfm.elcorteingles.es/SGFM/dctm/MARKET/843/462/713/8434627133360_01_516x640.jpg',
                '//sgfm.elcorteingles.es/SGFM/dctm/MARKET/843/462/713/8434627133360_02_516x640.jpg'],
 'price': '89.90',
 'product_id': '8434627133322',
 'title': 'Cárdigan de hombre de color gris con cierre de botones'}
2019-09-24 13:33:09 [scrapy] INFO: Closing spider (finished)
2019-09-24 13:33:09 [scrapy] INFO: Dumping Scrapy stats:
{'downloader/request_bytes': 533,
 'downloader/request_count': 2,
 'downloader/request_method_count/GET': 2,
 'downloader/response_bytes': 51440,
 'downloader/response_count': 2,
 'downloader/response_status_count/200': 2,
 'finish_reason': 'finished',
 'finish_time': datetime.datetime(2019, 9, 24, 10, 33, 9, 844915),
 'item_scraped_count': 1,
 'log_count/DEBUG': 3,
 'log_count/ERROR': 1,
 'log_count/INFO': 6,
 'memusage/max': 52944896,
 'memusage/startup': 52944896,
 'response_received_count': 2,
 'scheduler/dequeued': 1,
 'scheduler/dequeued/memory': 1,
 'scheduler/enqueued': 1,
 'scheduler/enqueued/memory': 1,
 'start_time': datetime.datetime(2019, 9, 24, 10, 33, 8, 858071)}
2019-09-24 13:33:09 [scrapy] INFO: Spider closed (finished)
