2019-09-17 13:03:25 [scrapy] DEBUG: Crawled (404) <GET http://quotes.toscrape.com/robots.txt> (referer: None)
2019-09-17 13:03:28 [scrapy] DEBUG: Crawled (200) <GET http://quotes.toscrape.com/> (referer: None)
2019-09-17 13:03:28 [scrapy] DEBUG: Scraped from <200 http://quotes.toscrape.com/>
{'author': 'Albert Einstein', 'text': '“The world as we have created it is a process of our thinking. It cannot be changed without changing our thinking.”'}
2019-09-17 13:03:28 [scrapy] DEBUG: Scraped from <200 http://quotes.toscrape.com/>
{'author': 'J.K. Rowling', 'text': '“It is our choices, Harry, that show what we truly are, far more than our abilities.”'}
2019-09-17 13:03:28 [scrapy] DEBUG: Scraped from <200 http://quotes.toscrape.com/>
{'author': 'Albert Einstein', 'text': '“There are only two ways to live your life. One is as though nothing is a miracle. The other is as though everything is a miracle.”'}
2019-09-17 13:03:28 [scrapy] DEBUG: Scraped from <200 http://quotes.toscrape.com/>
{'author': 'Jane Austen', 'text': '“The person, be it gentleman or lady, who has not pleasure in a good novel, must be intolerably stupid.”'}
2019-09-17 13:03:28 [scrapy] DEBUG: Scraped from <200 http://quotes.toscrape.com/>
{'author': 'Marilyn Monroe', 'text': "“Imperfection is beauty, madness is genius and it's better to be absolutely ridiculous than absolutely boring.”"}
2019-09-17 13:03:28 [scrapy] DEBUG: Scraped from <200 http://quotes.toscrape.com/>
{'author': 'Albert Einstein', 'text': '“Try not to become a man of success. Rather become a man of value.”'}
2019-09-17 13:03:28 [scrapy] DEBUG: Scraped from <200 http://quotes.toscrape.com/>
{'author': 'André Gide', 'text': '“It is better to be hated for what you are than to be loved for what you are not.”'}
2019-09-17 13:03:28 [scrapy] DEBUG: Scraped from <200 http://quotes.toscrape.com/>
{'author': 'Thomas A. Edison', 'text': "“I have not failed. I've just found 10,000 ways that won't work.”"}
2019-09-17 13:03:28 [scrapy] DEBUG: Scraped from <200 http://quotes.toscrape.com/>
{'author': 'Eleanor Roosevelt', 'text': "“A woman is like a tea bag; you never know how strong it is until it's in hot water.”"}
2019-09-17 13:03:28 [scrapy] DEBUG: Scraped from <200 http://quotes.toscrape.com/>
{'author': 'Steve Martin', 'text': '“A day without sunshine is like, you know, night.”'}
2019-09-17 13:03:28 [scrapy] INFO: Closing spider (finished)
2019-09-17 13:03:28 [scrapy] INFO: Dumping Scrapy stats:
{'downloader/request_bytes': 446,
 'downloader/request_count': 2,
 'downloader/request_method_count/GET': 2,
 'downloader/response_bytes': 2701,
 'downloader/response_count': 2,
 'downloader/response_status_count/200': 1,
 'downloader/response_status_count/404': 1,
 'finish_reason': 'finished',
 'finish_time': datetime.datetime(2019, 9, 17, 10, 3, 28, 408179),
 'item_scraped_count': 10,
 'log_count/DEBUG': 12,
 'log_count/INFO': 6,
 'memusage/max': 52695040,
 'memusage/startup': 52695040,
 'response_received_count': 2,
 'scheduler/dequeued': 1,
 'scheduler/dequeued/memory': 1,
 'scheduler/enqueued': 1,
 'scheduler/enqueued/memory': 1,
 'start_time': datetime.datetime(2019, 9, 17, 10, 3, 23, 456078)}
2019-09-17 13:03:28 [scrapy] INFO: Spider closed (finished)
